<?xml version="1.0" encoding="UTF-8"?>
<testsuite name="com.leszko.calculator.CalculatorTest" tests="3" skipped="0" failures="0" errors="0" timestamp="2025-03-08T02:10:35" hostname="LAPTOP-QMHMQI00" time="0.012">
  <properties/>
  <testcase name="testSum" classname="com.leszko.calculator.CalculatorTest" time="0.011"/>
  <testcase name="testSum2" classname="com.leszko.calculator.CalculatorTest" time="0.0"/>
  <testcase name="testSum3" classname="com.leszko.calculator.CalculatorTest" time="0.0"/>
  <system-out><![CDATA[]]></system-out>
  <system-err><![CDATA[]]></system-err>
</testsuite>
